<?xml version="1.0" encoding="utf-8"?><testsuites name="pytest tests"><testsuite name="pytest" errors="0" failures="1" skipped="0" tests="23" time="4.068" timestamp="2026-08-10T22:16:25.515510+00:00" hostname="agent-env-e8f34774-3015-4253-ba4b-37886a4d4904"><testcase classname="tests.test_admin.TestAuthGuard" name="test_requires_auth[/admin/products]" time="0.277" /><testcase classname="tests.test_admin.TestAuth" name="test_login_success" time="0.587" /><testcase classname="tests.test_admin.TestAuthGuard" name="test_requires_auth[/admin/customers]" time="0.249" /><testcase classname="tests.test_admin.TestAuthGuard" name="test_requires_auth[/admin/tickets]" time="0.332" /><testcase classname="tests.test_admin.TestAuth" name="test_login_wrong_password" time="0.292" /><testcase classname="tests.test_admin.TestAuthGuard" name="test_requires_auth[/admin/pages]" time="0.313" /><testcase classname="tests.test_admin.TestAuth" name="test_me_with_token" time="0.361" /><testcase classname="tests.test_admin.TestAuthGuard" name="test_requires_auth[/admin/settings]" time="0.117" /><testcase classname="tests.test_admin.TestAuth" name="test_me_without_token" time="0.111" /><testcase classname="tests.test_admin.TestAuthGuard" name="test_requires_auth[/admin/users]" time="0.099" /><testcase classname="tests.test_admin.TestProducts" name="test_list_products" time="0.192" /><testcase classname="tests.test_admin.TestAuthGuard" name="test_requires_auth[/admin/analytics/overview]" time="0.100" /><testcase classname="tests.test_admin.TestProducts" name="test_create_get_update_delete" time="0.838" /><testcase classname="tests.test_admin.TestPages" name="test_list_default_pages" time="0.375" /><testcase classname="tests.test_admin.TestPages" name="test_upsert_page" time="0.178" /><testcase classname="tests.test_admin.TestCustomersAndTickets" name="test_customers_list" time="0.048" /><testcase classname="tests.test_admin.TestCustomersAndTickets" name="test_ticket_flow" time="0.270" /><testcase classname="tests.test_admin.TestAdminUsers" name="test_create_list_delete_admin" time="0.368" /><testcase classname="tests.test_admin.TestSettings" name="test_get_admin_settings" time="0.275" /><testcase classname="tests.test_admin.TestSettings" name="test_patch_settings" time="0.372" /><testcase classname="tests.test_admin.TestPublic" name="test_public_settings_shape" time="0.120" /><testcase classname="tests.test_admin.TestAnalytics" name="test_track_and_overview" time="0.617" /><testcase classname="tests.test_admin.TestBruteForce" name="test_lockout_after_5_fails" time="0.462"><failure message="AssertionError: expected 429, got 401; prior codes=[401, 401, 401, 401, 401]&#10;assert 401 == 429&#10; +  where 401 = &lt;Response [401]&gt;.status_code">backend/tests/test_admin.py:283: in test_lockout_after_5_fails
    assert r6.status_code == 429, f"expected 429, got {r6.status_code}; prior codes={codes}"
E   AssertionError: expected 429, got 401; prior codes=[401, 401, 401, 401, 401]
E   assert 401 == 429
E    +  where 401 = &lt;Response [401]&gt;.status_code</failure></testcase></testsuite></testsuites>