<?xml version="1.0" encoding="utf-8"?><testsuites name="pytest tests"><testsuite name="pytest" errors="0" failures="0" skipped="0" tests="7" time="1.091" timestamp="2026-08-10T20:32:18.669647+00:00" hostname="agent-env-e8f34774-3015-4253-ba4b-37886a4d4904"><testcase classname="tests.test_bundle.TestPreview" name="test_one_no_discount" time="0.329" /><testcase classname="tests.test_bundle.TestBundleConfig" name="test_config_shape" time="0.392" /><testcase classname="tests.test_bundle.TestPreview" name="test_two_8pct" time="0.107" /><testcase classname="tests.test_bundle.TestPreset" name="test_preset" time="0.068" /><testcase classname="tests.test_bundle.TestPreview" name="test_three_12pct" time="0.064" /><testcase classname="tests.test_bundle.TestPreview" name="test_four_15pct" time="0.053" /><testcase classname="tests.test_bundle.TestPreview" name="test_invalid_slug_dropped" time="0.050" /></testsuite></testsuites>